<?xml version="1.0" encoding="UTF-8"?>
<!-- Generated by org.testng.reporters.JUnitReportReporter -->
<testsuite hostname="DOGAUNAL-840" failures="0" tests="12" name="agodaAutomation.LoginPage" time="185.460" errors="0" timestamp="09 Eki 2018 13:02:41 GMT" skipped="0">
  <testcase classname="agodaAutomation.LoginPage" name="handleRooms" time="38.658"/>
  <testcase classname="agodaAutomation.LoginPage" name="handleCurrency" time="15.892"/>
  <testcase classname="agodaAutomation.LoginPage" name="handleRooms" time="27.335"/>
  <testcase classname="agodaAutomation.LoginPage" name="openLoginWindow" time="3.337"/>
  <testcase classname="agodaAutomation.LoginPage" name="handleCurrency" time="15.459"/>
  <testcase classname="agodaAutomation.LoginPage" name="openBrowser" time="13.366"/>
  <testcase classname="agodaAutomation.LoginPage" name="handleCurrency" time="18.426"/>
  <testcase classname="agodaAutomation.LoginPage" name="openBrowser" time="13.835"/>
  <testcase classname="agodaAutomation.LoginPage" name="openBrowser" time="7.196"/>
  <testcase classname="agodaAutomation.LoginPage" name="handleRooms" time="26.094"/>
  <testcase classname="agodaAutomation.LoginPage" name="openLoginWindow" time="2.740"/>
  <testcase classname="agodaAutomation.LoginPage" name="openLoginWindow" time="3.122"/>
</testsuite> <!-- agodaAutomation.LoginPage -->
