<?xml version="1.0" encoding="UTF-8"?>
<!-- Generated by org.testng.reporters.JUnitReportReporter -->
<testsuite hostname="DOGAUNAL-840" failures="0" tests="12" name="agodaAutomation.LoginPage" time="53.955" errors="2" timestamp="09 Eki 2018 10:53:26 GMT" skipped="6">
  <testcase classname="agodaAutomation.LoginPage" name="openLoginWindow" time="0.000">
    <skipped/>
  </testcase> <!-- openLoginWindow -->
  <testcase classname="agodaAutomation.LoginPage" name="handleCurrency" time="15.700"/>
  <testcase classname="agodaAutomation.LoginPage" name="openBrowser" time="0.016">
    <error type="java.lang.NullPointerException">
      <![CDATA[java.lang.NullPointerException
at agodaAutomation.LoginPage.openBrowser(LoginPage.java:30)
at java.base/jdk.internal.reflect.NativeMethodAccessorImpl.invoke0(Native Method)
at java.base/jdk.internal.reflect.NativeMethodAccessorImpl.invoke(NativeMethodAccessorImpl.java:62)
at java.base/jdk.internal.reflect.DelegatingMethodAccessorImpl.invoke(DelegatingMethodAccessorImpl.java:43)
at java.base/java.lang.reflect.Method.invoke(Method.java:564)
at org.testng.internal.MethodInvocationHelper.invokeMethod(MethodInvocationHelper.java:124)
at org.testng.internal.Invoker.invokeMethod(Invoker.java:580)
at org.testng.internal.Invoker.invokeTestMethod(Invoker.java:716)
at org.testng.internal.Invoker.invokeTestMethods(Invoker.java:988)
at org.testng.internal.TestMethodWorker.invokeTestMethods(TestMethodWorker.java:125)
at org.testng.internal.TestMethodWorker.run(TestMethodWorker.java:109)
at org.testng.TestRunner.privateRun(TestRunner.java:648)
at org.testng.TestRunner.run(TestRunner.java:505)
at org.testng.SuiteRunner.runTest(SuiteRunner.java:455)
at org.testng.SuiteRunner.access$000(SuiteRunner.java:40)
at org.testng.SuiteRunner$SuiteWorker.run(SuiteRunner.java:489)
at org.testng.internal.thread.ThreadUtil$1.call(ThreadUtil.java:52)
at java.base/java.util.concurrent.FutureTask.run(FutureTask.java:264)
at java.base/java.util.concurrent.ThreadPoolExecutor.runWorker(ThreadPoolExecutor.java:1167)
at java.base/java.util.concurrent.ThreadPoolExecutor$Worker.run(ThreadPoolExecutor.java:641)
at java.base/java.lang.Thread.run(Thread.java:844)
]]>
    </error>
  </testcase> <!-- openBrowser -->
  <testcase classname="agodaAutomation.LoginPage" name="openBrowser" time="8.709"/>
  <testcase classname="agodaAutomation.LoginPage" name="handleCurrency" time="0.000">
    <skipped/>
  </testcase> <!-- handleCurrency -->
  <testcase classname="agodaAutomation.LoginPage" name="openLoginWindow" time="0.001">
    <skipped/>
  </testcase> <!-- openLoginWindow -->
  <testcase classname="agodaAutomation.LoginPage" name="openLoginWindow" time="2.034"/>
  <testcase classname="agodaAutomation.LoginPage" name="openBrowser" time="0.009">
    <error type="java.lang.NullPointerException">
      <![CDATA[java.lang.NullPointerException
at agodaAutomation.LoginPage.openBrowser(LoginPage.java:30)
at java.base/jdk.internal.reflect.NativeMethodAccessorImpl.invoke0(Native Method)
at java.base/jdk.internal.reflect.NativeMethodAccessorImpl.invoke(NativeMethodAccessorImpl.java:62)
at java.base/jdk.internal.reflect.DelegatingMethodAccessorImpl.invoke(DelegatingMethodAccessorImpl.java:43)
at java.base/java.lang.reflect.Method.invoke(Method.java:564)
at org.testng.internal.MethodInvocationHelper.invokeMethod(MethodInvocationHelper.java:124)
at org.testng.internal.Invoker.invokeMethod(Invoker.java:580)
at org.testng.internal.Invoker.invokeTestMethod(Invoker.java:716)
at org.testng.internal.Invoker.invokeTestMethods(Invoker.java:988)
at org.testng.internal.TestMethodWorker.invokeTestMethods(TestMethodWorker.java:125)
at org.testng.internal.TestMethodWorker.run(TestMethodWorker.java:109)
at org.testng.TestRunner.privateRun(TestRunner.java:648)
at org.testng.TestRunner.run(TestRunner.java:505)
at org.testng.SuiteRunner.runTest(SuiteRunner.java:455)
at org.testng.SuiteRunner.access$000(SuiteRunner.java:40)
at org.testng.SuiteRunner$SuiteWorker.run(SuiteRunner.java:489)
at org.testng.internal.thread.ThreadUtil$1.call(ThreadUtil.java:52)
at java.base/java.util.concurrent.FutureTask.run(FutureTask.java:264)
at java.base/java.util.concurrent.ThreadPoolExecutor.runWorker(ThreadPoolExecutor.java:1167)
at java.base/java.util.concurrent.ThreadPoolExecutor$Worker.run(ThreadPoolExecutor.java:641)
at java.base/java.lang.Thread.run(Thread.java:844)
]]>
    </error>
  </testcase> <!-- openBrowser -->
  <testcase classname="agodaAutomation.LoginPage" name="handleRooms" time="27.486"/>
  <testcase classname="agodaAutomation.LoginPage" name="handleCurrency" time="0.000">
    <skipped/>
  </testcase> <!-- handleCurrency -->
  <testcase classname="agodaAutomation.LoginPage" name="handleRooms" time="0.000">
    <skipped/>
  </testcase> <!-- handleRooms -->
  <testcase classname="agodaAutomation.LoginPage" name="handleRooms" time="0.000">
    <skipped/>
  </testcase> <!-- handleRooms -->
</testsuite> <!-- agodaAutomation.LoginPage -->
