<?xml version="1.0" encoding="UTF-8"?>
<!-- Generated by org.testng.reporters.JUnitReportReporter -->
<testsuite hostname="DOGAUNAL-840" failures="0" tests="9" name="agodaAutomation.ReservationOperation" time="91.887" errors="2" timestamp="09 Eki 2018 13:51:17 GMT" skipped="4">
  <testcase classname="agodaAutomation.ReservationOperation" name="handleCriteriaFilters" time="10.000">
    <error type="java.lang.NullPointerException">
      <![CDATA[java.lang.NullPointerException
at agodaAutomation.ReservationOperation.handleCriteriaFilters(ReservationOperation.java:38)
at java.base/jdk.internal.reflect.NativeMethodAccessorImpl.invoke0(Native Method)
at java.base/jdk.internal.reflect.NativeMethodAccessorImpl.invoke(NativeMethodAccessorImpl.java:62)
at java.base/jdk.internal.reflect.DelegatingMethodAccessorImpl.invoke(DelegatingMethodAccessorImpl.java:43)
at java.base/java.lang.reflect.Method.invoke(Method.java:564)
at org.testng.internal.MethodInvocationHelper.invokeMethod(MethodInvocationHelper.java:124)
at org.testng.internal.Invoker.invokeMethod(Invoker.java:580)
at org.testng.internal.Invoker.invokeTestMethod(Invoker.java:716)
at org.testng.internal.Invoker.invokeTestMethods(Invoker.java:988)
at org.testng.internal.TestMethodWorker.invokeTestMethods(TestMethodWorker.java:125)
at org.testng.internal.TestMethodWorker.run(TestMethodWorker.java:109)
at org.testng.TestRunner.privateRun(TestRunner.java:648)
at org.testng.TestRunner.run(TestRunner.java:505)
at org.testng.SuiteRunner.runTest(SuiteRunner.java:455)
at org.testng.SuiteRunner.access$000(SuiteRunner.java:40)
at org.testng.SuiteRunner$SuiteWorker.run(SuiteRunner.java:489)
at org.testng.internal.thread.ThreadUtil$1.call(ThreadUtil.java:52)
at java.base/java.util.concurrent.FutureTask.run(FutureTask.java:264)
at java.base/java.util.concurrent.ThreadPoolExecutor.runWorker(ThreadPoolExecutor.java:1167)
at java.base/java.util.concurrent.ThreadPoolExecutor$Worker.run(ThreadPoolExecutor.java:641)
at java.base/java.lang.Thread.run(Thread.java:844)
]]>
    </error>
  </testcase> <!-- handleCriteriaFilters -->
  <testcase classname="agodaAutomation.ReservationOperation" name="clickBookNow" time="0.000">
    <skipped/>
  </testcase> <!-- clickBookNow -->
  <testcase classname="agodaAutomation.ReservationOperation" name="getTopOffer" time="0.000">
    <skipped/>
  </testcase> <!-- getTopOffer -->
  <testcase classname="agodaAutomation.ReservationOperation" name="handleCriteriaFilters" time="10.001">
    <error type="java.lang.NullPointerException">
      <![CDATA[java.lang.NullPointerException
at agodaAutomation.ReservationOperation.handleCriteriaFilters(ReservationOperation.java:38)
at java.base/jdk.internal.reflect.NativeMethodAccessorImpl.invoke0(Native Method)
at java.base/jdk.internal.reflect.NativeMethodAccessorImpl.invoke(NativeMethodAccessorImpl.java:62)
at java.base/jdk.internal.reflect.DelegatingMethodAccessorImpl.invoke(DelegatingMethodAccessorImpl.java:43)
at java.base/java.lang.reflect.Method.invoke(Method.java:564)
at org.testng.internal.MethodInvocationHelper.invokeMethod(MethodInvocationHelper.java:124)
at org.testng.internal.Invoker.invokeMethod(Invoker.java:580)
at org.testng.internal.Invoker.invokeTestMethod(Invoker.java:716)
at org.testng.internal.Invoker.invokeTestMethods(Invoker.java:988)
at org.testng.internal.TestMethodWorker.invokeTestMethods(TestMethodWorker.java:125)
at org.testng.internal.TestMethodWorker.run(TestMethodWorker.java:109)
at org.testng.TestRunner.privateRun(TestRunner.java:648)
at org.testng.TestRunner.run(TestRunner.java:505)
at org.testng.SuiteRunner.runTest(SuiteRunner.java:455)
at org.testng.SuiteRunner.access$000(SuiteRunner.java:40)
at org.testng.SuiteRunner$SuiteWorker.run(SuiteRunner.java:489)
at org.testng.internal.thread.ThreadUtil$1.call(ThreadUtil.java:52)
at java.base/java.util.concurrent.FutureTask.run(FutureTask.java:264)
at java.base/java.util.concurrent.ThreadPoolExecutor.runWorker(ThreadPoolExecutor.java:1167)
at java.base/java.util.concurrent.ThreadPoolExecutor$Worker.run(ThreadPoolExecutor.java:641)
at java.base/java.lang.Thread.run(Thread.java:844)
]]>
    </error>
  </testcase> <!-- handleCriteriaFilters -->
  <testcase classname="agodaAutomation.ReservationOperation" name="clickBookNow" time="0.000">
    <skipped/>
  </testcase> <!-- clickBookNow -->
  <testcase classname="agodaAutomation.ReservationOperation" name="getTopOffer" time="10.411"/>
  <testcase classname="agodaAutomation.ReservationOperation" name="clickBookNow" time="5.197"/>
  <testcase classname="agodaAutomation.ReservationOperation" name="getTopOffer" time="0.000">
    <skipped/>
  </testcase> <!-- getTopOffer -->
  <testcase classname="agodaAutomation.ReservationOperation" name="handleCriteriaFilters" time="56.278"/>
</testsuite> <!-- agodaAutomation.ReservationOperation -->
